<?xml version="1.0" encoding="UTF-8"?>
<testsuite xmlns:xsi="http://www.w3.org/2001/XMLSchema-instance" xsi:noNamespaceSchemaLocation="https://maven.apache.org/surefire/maven-surefire-plugin/xsd/surefire-test-report-3.0.xsd" version="3.0" name="com.market.Final4marketApplicationTests" time="4.309" tests="1" errors="0" skipped="0" failures="0">
  <properties>
[...]
</properties>
  <testcase name="contextLoads" classname="com.market.Final4marketApplicationTests" time="0.785">
    <system-out><![CDATA[2024-08-06 14:40:05 INFO  o.s.b.d.r.RestartApplicationListener - Restart disabled due to context in which it is running

  .   ____          _            __ _ _
 /\\ / ___'_ __ _ _(_)_ __  __ _ \ \ \ \
( ( )\___ | '_ | '_| | '_ \/ _` | \ \ \ \
 \\/  ___)| |_)| | | | | || (_| |  ) ) ) )
  '  |____| .__|_| |_|_| |_\__, | / / / /
 =========|_|==============|___/=/_/_/_/
 :: Spring Boot ::                (v3.2.7)

2024-08-06 14:40:06 INFO  c.m.Final4marketApplicationTests - Starting Final4marketApplicationTests using Java 17.0.11 with PID 13104 (started by user1 in D:\workspace\final_4market_backend\backend\final4market)
2024-08-06 14:40:06 INFO  c.m.Final4marketApplicationTests - No active profile set, falling back to 1 default profile: "default"
Logging initialized using 'class org.apache.ibatis.logging.stdout.StdOutImpl' adapter.
2024-08-06 14:40:08 DEBUG o.s.s.c.a.a.c.AuthenticationConfiguration$DefaultPasswordEncoderAuthenticationManagerBuilder - No authenticationProviders and no parentAuthenticationManager defined. Returning null.
2024-08-06 14:40:08 INFO  o.s.s.web.DefaultSecurityFilterChain - Will secure any request with [org.springframework.security.web.session.DisableEncodeUrlFilter@e0847a9, org.springframework.security.web.context.request.async.WebAsyncManagerIntegrationFilter@51743cc0, org.springframework.security.web.context.SecurityContextHolderFilter@1c0e4262, org.springframework.security.web.header.HeaderWriterFilter@1dbff71c, org.springframework.web.filter.CorsFilter@92e2c93, org.springframework.security.web.authentication.logout.LogoutFilter@1aaf46e6, com.market.filter.JwtRequestFilter@6697f3d, org.springframework.security.web.savedrequest.RequestCacheAwareFilter@4348fa35, org.springframework.security.web.servletapi.SecurityContextHolderAwareRequestFilter@7b3c2ae0, org.springframework.security.web.authentication.AnonymousAuthenticationFilter@4a105556, org.springframework.security.web.session.SessionManagementFilter@403f7aa2, org.springframework.security.web.access.ExceptionTranslationFilter@7c8f047a, org.springframework.security.web.access.intercept.AuthorizationFilter@39acd1f1]
2024-08-06 14:40:08 WARN  o.s.b.a.t.ThymeleafAutoConfiguration$DefaultTemplateResolverConfiguration - Cannot find template location: classpath:/templates/ (please add some templates, check your Thymeleaf configuration, or set spring.thymeleaf.check-template-location=false)
2024-08-06 14:40:08 INFO  o.s.m.s.b.SimpleBrokerMessageHandler - Starting...
2024-08-06 14:40:08 INFO  o.s.m.s.b.SimpleBrokerMessageHandler - BrokerAvailabilityEvent[available=true, SimpleBrokerMessageHandler [org.springframework.messaging.simp.broker.DefaultSubscriptionRegistry@410f53b2]]
2024-08-06 14:40:08 INFO  o.s.m.s.b.SimpleBrokerMessageHandler - Started.
2024-08-06 14:40:08 INFO  c.m.Final4marketApplicationTests - Started Final4marketApplicationTests in 3.044 seconds (process running for 4.01)
]]></system-out>
  </testcase>
</testsuite>